<?xml version="1.0" encoding="UTF-8"?>
<!-- Generated by org.testng.reporters.JUnitReportReporter -->
<testsuite hostname="WL361561" failures="0" tests="1" name="com.tieto.page.NewTest" time="0.010" errors="0" timestamp="2020-07-03T15:43:28 IST" skipped="0">
  <testcase classname="com.tieto.page.NewTest" name="f" time="0.010"/>
  <system-out/>
</testsuite> <!-- com.tieto.page.NewTest -->
